[debug] [2019-08-22T11:23:45.617Z] ----------------------------------------------------------------------
[debug] [2019-08-22T11:23:45.620Z] Command:       /usr/local/bin/node /usr/local/bin/firebase serve
[debug] [2019-08-22T11:23:45.620Z] CLI Version:   7.2.4
[debug] [2019-08-22T11:23:45.620Z] Platform:      darwin
[debug] [2019-08-22T11:23:45.620Z] Node Version:  v10.16.2
[debug] [2019-08-22T11:23:45.621Z] Time:          Thu Aug 22 2019 12:23:45 GMT+0100 (Western European Summer Time)
[debug] [2019-08-22T11:23:45.621Z] ----------------------------------------------------------------------
[debug] 
[debug] [2019-08-22T11:23:45.628Z] > command requires scopes: ["email","openid","https://www.googleapis.com/auth/cloudplatformprojects.readonly","https://www.googleapis.com/auth/firebase","https://www.googleapis.com/auth/cloud-platform"]
[debug] [2019-08-22T11:23:45.629Z] > authorizing via signed-in user
[debug] [2019-08-22T11:23:45.629Z] [iam] checking project sign2auth for permissions ["firebase.projects.get"]
[debug] [2019-08-22T11:23:45.631Z] >>> HTTP REQUEST POST https://cloudresourcemanager.googleapis.com/v1/projects/sign2auth:testIamPermissions  

[debug] [2019-08-22T11:23:46.943Z] <<< HTTP RESPONSE 200
[debug] [2019-08-22T11:23:46.946Z] >>> HTTP REQUEST GET https://firebase.googleapis.com/v1beta1/projects/sign2auth  
 
[debug] [2019-08-22T11:23:47.271Z] <<< HTTP RESPONSE 200
[info] 
[info] === Serving from '/Users/goncalo/Demium/signature_pad'...
[info] 
[debug] [2019-08-22T11:23:47.278Z] >>> HTTP REQUEST GET https://firebase.googleapis.com/v1beta1/projects/sign2auth/webApps/-/config  
 
[warn] ⚠  Your requested "node" version "8" doesn't match your global version "10"
[info] ✔  functions: Emulator started at http://localhost:5001
[debug] [2019-08-22T11:23:47.712Z] <<< HTTP RESPONSE 200
[info] i  functions: Watching "/Users/goncalo/Demium/signature_pad/functions" for Cloud Functions...
[info] i  hosting: Serving hosting files from: docs
[info] ✔  hosting: Local server: http://localhost:5000
[debug] [2019-08-22T11:23:48.082Z] [runtime-status] Functions runtime initialized. {"cwd":"/Users/goncalo/Demium/signature_pad/functions","node_version":"10.16.2"}
[debug] [2019-08-22T11:23:48.082Z] [runtime-status] Disabled runtime features: {"functions_config_helper":true,"network_filtering":true,"timeout":true,"memory_limiting":true,"admin_stubs":true} {}
[debug] [2019-08-22T11:23:48.086Z] [runtime-status] Resolved module firebase-admin {"declared":true,"installed":true,"version":"8.3.0","resolution":"/Users/goncalo/Demium/signature_pad/functions/node_modules/firebase-admin/lib/index.js"}
[debug] [2019-08-22T11:23:48.087Z] [runtime-status] Resolved module firebase-functions {"declared":true,"installed":true,"version":"3.2.0","resolution":"/Users/goncalo/Demium/signature_pad/functions/node_modules/firebase-functions/lib/index.js"}
[debug] [2019-08-22T11:23:48.088Z] [runtime-status] Resolved module firebase-functions {"declared":true,"installed":true,"version":"3.2.0","resolution":"/Users/goncalo/Demium/signature_pad/functions/node_modules/firebase-functions/lib/index.js"}
[debug] [2019-08-22T13:18:12.860Z] ----------------------------------------------------------------------
[debug] [2019-08-22T13:18:12.862Z] Command:       /usr/local/bin/node /usr/local/bin/firebase serve
[debug] [2019-08-22T13:18:12.862Z] CLI Version:   7.2.4
[debug] [2019-08-22T13:18:12.863Z] Platform:      darwin
[debug] [2019-08-22T13:18:12.863Z] Node Version:  v10.16.2
[debug] [2019-08-22T13:18:12.863Z] Time:          Thu Aug 22 2019 14:18:12 GMT+0100 (Western European Summer Time)
[debug] [2019-08-22T13:18:12.863Z] ----------------------------------------------------------------------
[debug] 
[debug] [2019-08-22T13:18:12.873Z] > command requires scopes: ["email","openid","https://www.googleapis.com/auth/cloudplatformprojects.readonly","https://www.googleapis.com/auth/firebase","https://www.googleapis.com/auth/cloud-platform"]
[debug] [2019-08-22T13:18:12.874Z] > authorizing via signed-in user
[debug] [2019-08-22T13:18:12.874Z] [iam] checking project sign2auth for permissions ["firebase.projects.get"]
[debug] [2019-08-22T13:18:12.876Z] > refreshing access token with scopes: ["email","https://www.googleapis.com/auth/cloud-platform","https://www.googleapis.com/auth/cloudplatformprojects.readonly","https://www.googleapis.com/auth/firebase","openid"]
[debug] [2019-08-22T13:18:12.876Z] >>> HTTP REQUEST POST https://www.googleapis.com/oauth2/v3/token  
 <request body omitted>
[debug] [2019-08-22T13:18:13.144Z] <<< HTTP RESPONSE 200
[debug] [2019-08-22T13:18:13.155Z] >>> HTTP REQUEST POST https://cloudresourcemanager.googleapis.com/v1/projects/sign2auth:testIamPermissions  

[debug] [2019-08-22T13:18:14.171Z] <<< HTTP RESPONSE 200
[debug] [2019-08-22T13:18:14.173Z] >>> HTTP REQUEST GET https://firebase.googleapis.com/v1beta1/projects/sign2auth  
 
[debug] [2019-08-22T13:18:14.479Z] <<< HTTP RESPONSE 200
[info] 
[info] === Serving from '/Users/goncalo/Demium/signature_pad'...
[info] 
[debug] [2019-08-22T13:18:14.485Z] >>> HTTP REQUEST GET https://firebase.googleapis.com/v1beta1/projects/sign2auth/webApps/-/config  
 
[warn] ⚠  Your requested "node" version "8" doesn't match your global version "10"
[info] ✔  functions: Emulator started at http://localhost:5001
[debug] [2019-08-22T13:18:14.793Z] <<< HTTP RESPONSE 200
[info] i  functions: Watching "/Users/goncalo/Demium/signature_pad/functions" for Cloud Functions...
[info] i  hosting: Serving hosting files from: docs
[info] ✔  hosting: Local server: http://localhost:5000
[debug] [2019-08-22T13:18:15.127Z] [runtime-status] Functions runtime initialized. {"cwd":"/Users/goncalo/Demium/signature_pad/functions","node_version":"10.16.2"}
[debug] [2019-08-22T13:18:15.127Z] [runtime-status] Disabled runtime features: {"functions_config_helper":true,"network_filtering":true,"timeout":true,"memory_limiting":true,"admin_stubs":true} {}
[debug] [2019-08-22T13:18:15.136Z] [runtime-status] Resolved module firebase-admin {"declared":true,"installed":true,"version":"8.3.0","resolution":"/Users/goncalo/Demium/signature_pad/functions/node_modules/firebase-admin/lib/index.js"}
[debug] [2019-08-22T13:18:15.137Z] [runtime-status] Resolved module firebase-functions {"declared":true,"installed":true,"version":"3.2.0","resolution":"/Users/goncalo/Demium/signature_pad/functions/node_modules/firebase-functions/lib/index.js"}
[debug] [2019-08-22T13:18:15.138Z] [runtime-status] Resolved module firebase-functions {"declared":true,"installed":true,"version":"3.2.0","resolution":"/Users/goncalo/Demium/signature_pad/functions/node_modules/firebase-functions/lib/index.js"}
